2024-09-24 15:23:57,444|WARNING|/transformed/ru_avpri_53_5_189_0002.tei.xml: Key Nykøbing Falster not found in geonames_table. PlaceName: Никопинге     
2024-09-24 15:23:57,511|WARNING|/transformed/ru_niorrgb_255_4_37_0001.tei.xml: Key  not found in geonames_table. PlaceName:  
2024-09-24 15:23:57,553|WARNING|/transformed/ru_nlrmss_erm_123-1_0002.tei.xml: Key g0000 not found in geonames_table. PlaceName: Gustany
2024-09-24 15:23:57,553|WARNING|/transformed/ru_nlrmss_erm_123-1_0002.tei.xml: Key g0000 not found in geonames_table. PlaceName: Boniza
2024-09-24 15:23:57,666|WARNING|/transformed/ru_rgada_1263_1_1593_0001.tei.xml: Key g0000 not found in geonames_table. PlaceName: Rade
2024-09-24 15:23:57,779|WARNING|/transformed/ru_rgada_32_1_1698_68_0005.tei.xml: Key  not found in geonames_table. PlaceName: Carloviz
2024-09-24 15:23:57,812|WARNING|/transformed/ru_rgada_41_1_1686_2_0001.tei.xml: Key Paleokastro Peloponnese Greece not found in geonames_table. PlaceName: Novarinumi
2024-09-24 15:23:57,812|WARNING|/transformed/ru_rgada_41_1_1686_2_0001.tei.xml: Key Methoni castle Peloponnese Greece not found in geonames_table. PlaceName: Modonemæ
2024-09-24 15:23:57,819|WARNING|/transformed/ru_rgada_41_1_1711_2_0010.tei.xml: Key Nikšić Opština Nikšić Montenegro not found in geonames_table. PlaceName: Nixich
2024-09-24 15:23:57,819|WARNING|/transformed/ru_rgada_41_1_1711_2_0010.tei.xml: Key Trebinje Srpska Bosnia and Herzegovina not found in geonames_table. PlaceName: Tribigne     
2024-09-24 15:23:57,822|WARNING|/transformed/ru_rgada_41_1_1712_2_0008.tei.xml: Key Zakynthos Ionian Islands Greece not found in geonames_table. PlaceName: Zanta        
2024-09-24 15:23:57,823|WARNING|/transformed/ru_rgada_41_1_1712_2_0009.tei.xml: Key Zakynthos Ionian Islands Greece not found in geonames_table. PlaceName: Занте     
2024-09-24 15:23:57,824|WARNING|/transformed/ru_rgada_41_1_1714_3_0001.tei.xml: Key  not found in geonames_table. PlaceName: Фиуме
2024-09-24 15:23:57,873|WARNING|/transformed/ru_rgada_53_2_44_0001.tei.xml: Key Visby Gotland Sweden not found in geonames_table. PlaceName: Vißbye
2024-09-24 15:23:57,877|WARNING|/transformed/ru_rgada_53_3_21_0001.tei.xml: Key Malmö socken Skåne Sweden not found in geonames_table. PlaceName: Malmöe
2024-09-24 15:23:57,877|WARNING|/transformed/ru_rgada_53_3_21_0001.tei.xml: Key Landskrona Skåne Sweden not found in geonames_table. PlaceName: LandsCron
2024-09-24 15:23:57,881|WARNING|/transformed/ru_rgada_53_4_22_0001.tei.xml: Key Pälkäne Pirkanmaa Finland not found in geonames_table. PlaceName: Pelcken
2024-09-24 15:23:57,881|WARNING|/transformed/ru_rgada_53_4_22_0001.tei.xml: Key Pälkäne Pirkanmaa Finland not found in geonames_table. PlaceName: Пелкене 
2024-09-24 15:23:57,882|WARNING|/transformed/ru_rgada_53_4_27_0001.tei.xml: Key Verden Lower Saxony Germany not found in geonames_table. PlaceName: Vehrdische
2024-09-24 15:23:57,887|WARNING|/transformed/ru_rgia_1018_2_188_0001.tei.xml: Key g0000 not found in geonames_table. PlaceName: Чорсе
2024-09-24 15:23:57,931|WARNING|/in_progress/Viktor/ru_rgada_53_4_27_0003.tei.xml: Key Verden Lower Saxony Germany not found in geonames_table. PlaceName: Vehrdische